# JRE version: Java(TM) SE Runtime Environment (7.0_60-b19) (build 1.7.0_60-b19)
# Java VM: Java HotSpot(TM) 64-Bit Server VM (24.60-b09 mixed mode linux-amd64 compressed oops)
Heap
 PSYoungGen      total 35840K, used 23553K [0x00000000f5900000, 0x00000000f8e00000, 0x0000000100000000)
  eden space 30720K, 60% used [0x00000000f5900000,0x00000000f6b06ff0,0x00000000f7700000)
  from space 5120K, 99% used [0x00000000f7780000,0x00000000f7c79518,0x00000000f7c80000)
  to   space 11776K, 0% used [0x00000000f8280000,0x00000000f8280000,0x00000000f8e00000)
 ParOldGen       total 82432K, used 12504K [0x00000000e0c00000, 0x00000000e5c80000, 0x00000000f5900000)
  object space 82432K, 15% used [0x00000000e0c00000,0x00000000e1836378,0x00000000e5c80000)
 PSPermGen       total 30720K, used 30536K [0x00000000dba00000, 0x00000000dd800000, 0x00000000e0c00000)
  object space 30720K, 99% used [0x00000000dba00000,0x00000000dd7d21a8,0x00000000dd800000)
GC Heap History (10 events):
Event: 4.317 GC heap before
{Heap before GC invocations=1 (full 0):
 PSYoungGen      total 36352K, used 31232K [0x00000000f5900000, 0x00000000f8180000, 0x0000000100000000)
  eden space 31232K, 100% used [0x00000000f5900000,0x00000000f7780000,0x00000000f7780000)
  from space 5120K, 0% used [0x00000000f7c80000,0x00000000f7c80000,0x00000000f8180000)
  to   space 5120K, 0% used [0x00000000f7780000,0x00000000f7780000,0x00000000f7c80000)
 ParOldGen       total 82432K, used 0K [0x00000000e0c00000, 0x00000000e5c80000, 0x00000000f5900000)
  object space 82432K, 0% used [0x00000000e0c00000,0x00000000e0c00000,0x00000000e5c80000)
 PSPermGen       total 25600K, used 25467K [0x00000000dba00000, 0x00000000dd300000, 0x00000000e0c00000)
  object space 25600K, 99% used [0x00000000dba00000,0x00000000dd2dec88,0x00000000dd300000)
Event: 4.342 GC heap after
Heap after GC invocations=1 (full 0):
 PSYoungGen      total 36352K, used 5093K [0x00000000f5900000, 0x00000000f8180000, 0x0000000100000000)
  eden space 31232K, 0% used [0x00000000f5900000,0x00000000f5900000,0x00000000f7780000)
  from space 5120K, 99% used [0x00000000f7780000,0x00000000f7c79538,0x00000000f7c80000)
  to   space 5120K, 0% used [0x00000000f7c80000,0x00000000f7c80000,0x00000000f8180000)
 ParOldGen       total 82432K, used 3809K [0x00000000e0c00000, 0x00000000e5c80000, 0x00000000f5900000)
  object space 82432K, 4% used [0x00000000e0c00000,0x00000000e0fb84a0,0x00000000e5c80000)
 PSPermGen       total 25600K, used 25467K [0x00000000dba00000, 0x00000000dd300000, 0x00000000e0c00000)
  object space 25600K, 99% used [0x00000000dba00000,0x00000000dd2dec88,0x00000000dd300000)
}
Event: 19.622 GC heap before
{Heap before GC invocations=2 (full 0):
 PSYoungGen      total 36352K, used 36325K [0x00000000f5900000, 0x00000000f8180000, 0x0000000100000000)
  eden space 31232K, 100% used [0x00000000f5900000,0x00000000f7780000,0x00000000f7780000)
  from space 5120K, 99% used [0x00000000f7780000,0x00000000f7c79538,0x00000000f7c80000)
  to   space 5120K, 0% used [0x00000000f7c80000,0x00000000f7c80000,0x00000000f8180000)
 ParOldGen       total 82432K, used 3809K [0x00000000e0c00000, 0x00000000e5c80000, 0x00000000f5900000)
  object space 82432K, 4% used [0x00000000e0c00000,0x00000000e0fb84a0,0x00000000e5c80000)
 PSPermGen       total 30720K, used 30364K [0x00000000dba00000, 0x00000000dd800000, 0x00000000e0c00000)
  object space 30720K, 98% used [0x00000000dba00000,0x00000000dd7a7140,0x00000000dd800000)
Event: 19.649 GC heap after
Heap after GC invocations=2 (full 0):
 PSYoungGen      total 36352K, used 5109K [0x00000000f5900000, 0x00000000f8180000, 0x0000000100000000)
  eden space 31232K, 0% used [0x00000000f5900000,0x00000000f5900000,0x00000000f7780000)
  from space 5120K, 99% used [0x00000000f7c80000,0x00000000f817d528,0x00000000f8180000)
  to   space 5120K, 0% used [0x00000000f7780000,0x00000000f7780000,0x00000000f7c80000)
 ParOldGen       total 82432K, used 8867K [0x00000000e0c00000, 0x00000000e5c80000, 0x00000000f5900000)
  object space 82432K, 10% used [0x00000000e0c00000,0x00000000e14a8e38,0x00000000e5c80000)
 PSPermGen       total 30720K, used 30364K [0x00000000dba00000, 0x00000000dd800000, 0x00000000e0c00000)
  object space 30720K, 98% used [0x00000000dba00000,0x00000000dd7a7140,0x00000000dd800000)
}
Event: 34.946 GC heap before
{Heap before GC invocations=3 (full 0):
 PSYoungGen      total 36352K, used 36341K [0x00000000f5900000, 0x00000000f8180000, 0x0000000100000000)
  eden space 31232K, 100% used [0x00000000f5900000,0x00000000f7780000,0x00000000f7780000)
  from space 5120K, 99% used [0x00000000f7c80000,0x00000000f817d528,0x00000000f8180000)
  to   space 5120K, 0% used [0x00000000f7780000,0x00000000f7780000,0x00000000f7c80000)
 ParOldGen       total 82432K, used 8867K [0x00000000e0c00000, 0x00000000e5c80000, 0x00000000f5900000)
  object space 82432K, 10% used [0x00000000e0c00000,0x00000000e14a8e38,0x00000000e5c80000)
 PSPermGen       total 30720K, used 30394K [0x00000000dba00000, 0x00000000dd800000, 0x00000000e0c00000)
  object space 30720K, 98% used [0x00000000dba00000,0x00000000dd7ae930,0x00000000dd800000)
Event: 34.963 GC heap after
Heap after GC invocations=3 (full 0):
 PSYoungGen      total 36352K, used 5095K [0x00000000f5900000, 0x00000000f8180000, 0x0000000100000000)
  eden space 31232K, 0% used [0x00000000f5900000,0x00000000f5900000,0x00000000f7780000)
  from space 5120K, 99% used [0x00000000f7780000,0x00000000f7c79d48,0x00000000f7c80000)
  to   space 5120K, 0% used [0x00000000f7c80000,0x00000000f7c80000,0x00000000f8180000)
 ParOldGen       total 82432K, used 11524K [0x00000000e0c00000, 0x00000000e5c80000, 0x00000000f5900000)
  object space 82432K, 13% used [0x00000000e0c00000,0x00000000e1741328,0x00000000e5c80000)
 PSPermGen       total 30720K, used 30394K [0x00000000dba00000, 0x00000000dd800000, 0x00000000e0c00000)
  object space 30720K, 98% used [0x00000000dba00000,0x00000000dd7ae930,0x00000000dd800000)
}
Event: 3048.502 GC heap before
{Heap before GC invocations=4 (full 0):
 PSYoungGen      total 36352K, used 36327K [0x00000000f5900000, 0x00000000f8180000, 0x0000000100000000)
  eden space 31232K, 100% used [0x00000000f5900000,0x00000000f7780000,0x00000000f7780000)
  from space 5120K, 99% used [0x00000000f7780000,0x00000000f7c79d48,0x00000000f7c80000)
  to   space 5120K, 0% used [0x00000000f7c80000,0x00000000f7c80000,0x00000000f8180000)
 ParOldGen       total 82432K, used 11524K [0x00000000e0c00000, 0x00000000e5c80000, 0x00000000f5900000)
  object space 82432K, 13% used [0x00000000e0c00000,0x00000000e1741328,0x00000000e5c80000)
 PSPermGen       total 30720K, used 30496K [0x00000000dba00000, 0x00000000dd800000, 0x00000000e0c00000)
  object space 30720K, 99% used [0x00000000dba00000,0x00000000dd7c80d8,0x00000000dd800000)
Event: 3048.519 GC heap after
Heap after GC invocations=4 (full 0):
 PSYoungGen      total 36352K, used 5111K [0x00000000f5900000, 0x00000000f8180000, 0x0000000100000000)
  eden space 31232K, 0% used [0x00000000f5900000,0x00000000f5900000,0x00000000f7780000)
  from space 5120K, 99% used [0x00000000f7c80000,0x00000000f817dd58,0x00000000f8180000)
  to   space 5120K, 0% used [0x00000000f7780000,0x00000000f7780000,0x00000000f7c80000)
 ParOldGen       total 82432K, used 11636K [0x00000000e0c00000, 0x00000000e5c80000, 0x00000000f5900000)
  object space 82432K, 14% used [0x00000000e0c00000,0x00000000e175d328,0x00000000e5c80000)
 PSPermGen       total 30720K, used 30496K [0x00000000dba00000, 0x00000000dd800000, 0x00000000e0c00000)
  object space 30720K, 99% used [0x00000000dba00000,0x00000000dd7c80d8,0x00000000dd800000)
}
Event: 10121.924 GC heap before
{Heap before GC invocations=5 (full 0):
 PSYoungGen      total 36352K, used 36343K [0x00000000f5900000, 0x00000000f8180000, 0x0000000100000000)
  eden space 31232K, 100% used [0x00000000f5900000,0x00000000f7780000,0x00000000f7780000)
  from space 5120K, 99% used [0x00000000f7c80000,0x00000000f817dd58,0x00000000f8180000)
  to   space 5120K, 0% used [0x00000000f7780000,0x00000000f7780000,0x00000000f7c80000)
 ParOldGen       total 82432K, used 11636K [0x00000000e0c00000, 0x00000000e5c80000, 0x00000000f5900000)
  object space 82432K, 14% used [0x00000000e0c00000,0x00000000e175d328,0x00000000e5c80000)
 PSPermGen       total 30720K, used 30517K [0x00000000dba00000, 0x00000000dd800000, 0x00000000e0c00000)
  object space 30720K, 99% used [0x00000000dba00000,0x00000000dd7cd7e0,0x00000000dd800000)
Event: 10121.947 GC heap after
Heap after GC invocations=5 (full 0):
 PSYoungGen      total 35840K, used 5093K [0x00000000f5900000, 0x00000000f8e00000, 0x0000000100000000)
  eden space 30720K, 0% used [0x00000000f5900000,0x00000000f5900000,0x00000000f7700000)
  from space 5120K, 99% used [0x00000000f7780000,0x00000000f7c79518,0x00000000f7c80000)
  to   space 11776K, 0% used [0x00000000f8280000,0x00000000f8280000,0x00000000f8e00000)
 ParOldGen       total 82432K, used 12504K [0x00000000e0c00000, 0x00000000e5c80000, 0x00000000f5900000)
  object space 82432K, 15% used [0x00000000e0c00000,0x00000000e1836378,0x00000000e5c80000)
 PSPermGen       total 30720K, used 30517K [0x00000000dba00000, 0x00000000dd800000, 0x00000000e0c00000)
  object space 30720K, 99% used [0x00000000dba00000,0x00000000dd7cd7e0,0x00000000dd800000)
}

