# JRE version: Java(TM) SE Runtime Environment (7.0_60-b19) (build 1.7.0_60-b19)
# Java VM: Java HotSpot(TM) 64-Bit Server VM (24.60-b09 mixed mode linux-amd64 compressed oops)
Heap
 PSYoungGen      total 52736K, used 22031K [0x00000000f5900000, 0x00000000fa480000, 0x0000000100000000)
  eden space 29184K, 71% used [0x00000000f5900000,0x00000000f6d73f48,0x00000000f7580000)
  from space 23552K, 4% used [0x00000000f8d80000,0x00000000f8e90000,0x00000000fa480000)
  to   space 24064K, 0% used [0x00000000f7580000,0x00000000f7580000,0x00000000f8d00000)
 ParOldGen       total 82432K, used 38590K [0x00000000e0c00000, 0x00000000e5c80000, 0x00000000f5900000)
  object space 82432K, 46% used [0x00000000e0c00000,0x00000000e31afbc0,0x00000000e5c80000)
 PSPermGen       total 30720K, used 30457K [0x00000000dba00000, 0x00000000dd800000, 0x00000000e0c00000)
  object space 30720K, 99% used [0x00000000dba00000,0x00000000dd7be610,0x00000000dd800000)
GC Heap History (10 events):
Event: 477.652 GC heap before
{Heap before GC invocations=4 (full 0):
 PSYoungGen      total 36352K, used 36162K [0x00000000f5900000, 0x00000000f9b80000, 0x0000000100000000)
  eden space 31232K, 99% used [0x00000000f5900000,0x00000000f77572e8,0x00000000f7780000)
  from space 5120K, 99% used [0x00000000f7780000,0x00000000f7c79518,0x00000000f7c80000)
  to   space 5120K, 0% used [0x00000000f9680000,0x00000000f9680000,0x00000000f9b80000)
 ParOldGen       total 82432K, used 13656K [0x00000000e0c00000, 0x00000000e5c80000, 0x00000000f5900000)
  object space 82432K, 16% used [0x00000000e0c00000,0x00000000e19562e8,0x00000000e5c80000)
 PSPermGen       total 30720K, used 30384K [0x00000000dba00000, 0x00000000dd800000, 0x00000000e0c00000)
  object space 30720K, 98% used [0x00000000dba00000,0x00000000dd7ac260,0x00000000dd800000)
Event: 477.670 GC heap after
Heap after GC invocations=4 (full 0):
 PSYoungGen      total 36352K, used 5093K [0x00000000f5900000, 0x00000000f9b80000, 0x0000000100000000)
  eden space 31232K, 0% used [0x00000000f5900000,0x00000000f5900000,0x00000000f7780000)
  from space 5120K, 99% used [0x00000000f9680000,0x00000000f9b79518,0x00000000f9b80000)
  to   space 5120K, 0% used [0x00000000f7780000,0x00000000f7780000,0x00000000f7c80000)
 ParOldGen       total 82432K, used 16396K [0x00000000e0c00000, 0x00000000e5c80000, 0x00000000f5900000)
  object space 82432K, 19% used [0x00000000e0c00000,0x00000000e1c033d8,0x00000000e5c80000)
 PSPermGen       total 30720K, used 30384K [0x00000000dba00000, 0x00000000dd800000, 0x00000000e0c00000)
  object space 30720K, 98% used [0x00000000dba00000,0x00000000dd7ac260,0x00000000dd800000)
}
Event: 1903.164 GC heap before
{Heap before GC invocations=5 (full 0):
 PSYoungGen      total 36352K, used 36325K [0x00000000f5900000, 0x00000000f9b80000, 0x0000000100000000)
  eden space 31232K, 100% used [0x00000000f5900000,0x00000000f7780000,0x00000000f7780000)
  from space 5120K, 99% used [0x00000000f9680000,0x00000000f9b79518,0x00000000f9b80000)
  to   space 5120K, 0% used [0x00000000f7780000,0x00000000f7780000,0x00000000f7c80000)
 ParOldGen       total 82432K, used 16396K [0x00000000e0c00000, 0x00000000e5c80000, 0x00000000f5900000)
  object space 82432K, 19% used [0x00000000e0c00000,0x00000000e1c033d8,0x00000000e5c80000)
 PSPermGen       total 30720K, used 30423K [0x00000000dba00000, 0x00000000dd800000, 0x00000000e0c00000)
  object space 30720K, 99% used [0x00000000dba00000,0x00000000dd7b5fd8,0x00000000dd800000)
Event: 1903.182 GC heap after
Heap after GC invocations=5 (full 0):
 PSYoungGen      total 35840K, used 5111K [0x00000000f5900000, 0x00000000fa500000, 0x0000000100000000)
  eden space 30720K, 0% used [0x00000000f5900000,0x00000000f5900000,0x00000000f7700000)
  from space 5120K, 99% used [0x00000000f7780000,0x00000000f7c7dd38,0x00000000f7c80000)
  to   space 23552K, 0% used [0x00000000f8e00000,0x00000000f8e00000,0x00000000fa500000)
 ParOldGen       total 82432K, used 33894K [0x00000000e0c00000, 0x00000000e5c80000, 0x00000000f5900000)
  object space 82432K, 41% used [0x00000000e0c00000,0x00000000e2d19a18,0x00000000e5c80000)
 PSPermGen       total 30720K, used 30423K [0x00000000dba00000, 0x00000000dd800000, 0x00000000e0c00000)
  object space 30720K, 99% used [0x00000000dba00000,0x00000000dd7b5fd8,0x00000000dd800000)
}
Event: 2071.372 GC heap before
{Heap before GC invocations=6 (full 0):
 PSYoungGen      total 35840K, used 35699K [0x00000000f5900000, 0x00000000fa500000, 0x0000000100000000)
  eden space 30720K, 99% used [0x00000000f5900000,0x00000000f76def08,0x00000000f7700000)
  from space 5120K, 99% used [0x00000000f7780000,0x00000000f7c7dd38,0x00000000f7c80000)
  to   space 23552K, 0% used [0x00000000f8e00000,0x00000000f8e00000,0x00000000fa500000)
 ParOldGen       total 82432K, used 33894K [0x00000000e0c00000, 0x00000000e5c80000, 0x00000000f5900000)
  object space 82432K, 41% used [0x00000000e0c00000,0x00000000e2d19a18,0x00000000e5c80000)
 PSPermGen       total 30720K, used 30431K [0x00000000dba00000, 0x00000000dd800000, 0x00000000e0c00000)
  object space 30720K, 99% used [0x00000000dba00000,0x00000000dd7b7e88,0x00000000dd800000)
Event: 2071.390 GC heap after
Heap after GC invocations=6 (full 0):
 PSYoungGen      total 53248K, used 4853K [0x00000000f5900000, 0x00000000fa480000, 0x0000000100000000)
  eden space 30208K, 0% used [0x00000000f5900000,0x00000000f5900000,0x00000000f7680000)
  from space 23040K, 21% used [0x00000000f8e00000,0x00000000f92bd528,0x00000000fa480000)
  to   space 23552K, 0% used [0x00000000f7680000,0x00000000f7680000,0x00000000f8d80000)
 ParOldGen       total 82432K, used 33894K [0x00000000e0c00000, 0x00000000e5c80000, 0x00000000f5900000)
  object space 82432K, 41% used [0x00000000e0c00000,0x00000000e2d19a18,0x00000000e5c80000)
 PSPermGen       total 30720K, used 30431K [0x00000000dba00000, 0x00000000dd800000, 0x00000000e0c00000)
  object space 30720K, 99% used [0x00000000dba00000,0x00000000dd7b7e88,0x00000000dd800000)
}
Event: 2248.670 GC heap before
{Heap before GC invocations=7 (full 0):
 PSYoungGen      total 53248K, used 34929K [0x00000000f5900000, 0x00000000fa480000, 0x0000000100000000)
  eden space 30208K, 99% used [0x00000000f5900000,0x00000000f765f008,0x00000000f7680000)
  from space 23040K, 21% used [0x00000000f8e00000,0x00000000f92bd528,0x00000000fa480000)
  to   space 23552K, 0% used [0x00000000f7680000,0x00000000f7680000,0x00000000f8d80000)
 ParOldGen       total 82432K, used 33894K [0x00000000e0c00000, 0x00000000e5c80000, 0x00000000f5900000)
  object space 82432K, 41% used [0x00000000e0c00000,0x00000000e2d19a18,0x00000000e5c80000)
 PSPermGen       total 30720K, used 30433K [0x00000000dba00000, 0x00000000dd800000, 0x00000000e0c00000)
  object space 30720K, 99% used [0x00000000dba00000,0x00000000dd7b8538,0x00000000dd800000)
Event: 2248.690 GC heap after
Heap after GC invocations=7 (full 0):
 PSYoungGen      total 53248K, used 224K [0x00000000f5900000, 0x00000000fa500000, 0x0000000100000000)
  eden space 29696K, 0% used [0x00000000f5900000,0x00000000f5900000,0x00000000f7600000)
  from space 23552K, 0% used [0x00000000f7680000,0x00000000f76b8000,0x00000000f8d80000)
  to   space 24064K, 0% used [0x00000000f8d80000,0x00000000f8d80000,0x00000000fa500000)
 ParOldGen       total 82432K, used 38558K [0x00000000e0c00000, 0x00000000e5c80000, 0x00000000f5900000)
  object space 82432K, 46% used [0x00000000e0c00000,0x00000000e31a7bc0,0x00000000e5c80000)
 PSPermGen       total 30720K, used 30433K [0x00000000dba00000, 0x00000000dd800000, 0x00000000e0c00000)
  object space 30720K, 99% used [0x00000000dba00000,0x00000000dd7b8538,0x00000000dd800000)
}
Event: 7494.566 GC heap before
{Heap before GC invocations=8 (full 0):
 PSYoungGen      total 53248K, used 29920K [0x00000000f5900000, 0x00000000fa500000, 0x0000000100000000)
  eden space 29696K, 100% used [0x00000000f5900000,0x00000000f7600000,0x00000000f7600000)
  from space 23552K, 0% used [0x00000000f7680000,0x00000000f76b8000,0x00000000f8d80000)
  to   space 24064K, 0% used [0x00000000f8d80000,0x00000000f8d80000,0x00000000fa500000)
 ParOldGen       total 82432K, used 38558K [0x00000000e0c00000, 0x00000000e5c80000, 0x00000000f5900000)
  object space 82432K, 46% used [0x00000000e0c00000,0x00000000e31a7bc0,0x00000000e5c80000)
 PSPermGen       total 30720K, used 30456K [0x00000000dba00000, 0x00000000dd800000, 0x00000000e0c00000)
  object space 30720K, 99% used [0x00000000dba00000,0x00000000dd7be0a0,0x00000000dd800000)
Event: 7494.575 GC heap after
Heap after GC invocations=8 (full 0):
 PSYoungGen      total 52736K, used 1088K [0x00000000f5900000, 0x00000000fa480000, 0x0000000100000000)
  eden space 29184K, 0% used [0x00000000f5900000,0x00000000f5900000,0x00000000f7580000)
  from space 23552K, 4% used [0x00000000f8d80000,0x00000000f8e90000,0x00000000fa480000)
  to   space 24064K, 0% used [0x00000000f7580000,0x00000000f7580000,0x00000000f8d00000)
 ParOldGen       total 82432K, used 38590K [0x00000000e0c00000, 0x00000000e5c80000, 0x00000000f5900000)
  object space 82432K, 46% used [0x00000000e0c00000,0x00000000e31afbc0,0x00000000e5c80000)
 PSPermGen       total 30720K, used 30456K [0x00000000dba00000, 0x00000000dd800000, 0x00000000e0c00000)
  object space 30720K, 99% used [0x00000000dba00000,0x00000000dd7be0a0,0x00000000dd800000)
}

