# JRE version: Java(TM) SE Runtime Environment (7.0_60-b19) (build 1.7.0_60-b19)
# Java VM: Java HotSpot(TM) 64-Bit Server VM (24.60-b09 mixed mode linux-amd64 compressed oops)
Heap
 PSYoungGen      total 24064K, used 9828K [0x00000000f5900000, 0x00000000f7180000, 0x0000000100000000)
  eden space 23040K, 40% used [0x00000000f5900000,0x00000000f620f010,0x00000000f6f80000)
  from space 1024K, 53% used [0x00000000f6f80000,0x00000000f700a020,0x00000000f7080000)
  to   space 1024K, 0% used [0x00000000f7080000,0x00000000f7080000,0x00000000f7180000)
 ParOldGen       total 82432K, used 40854K [0x00000000e0c00000, 0x00000000e5c80000, 0x00000000f5900000)
  object space 82432K, 49% used [0x00000000e0c00000,0x00000000e33e5a48,0x00000000e5c80000)
 PSPermGen       total 30720K, used 30684K [0x00000000dba00000, 0x00000000dd800000, 0x00000000e0c00000)
  object space 30720K, 99% used [0x00000000dba00000,0x00000000dd7f7078,0x00000000dd800000)
GC Heap History (10 events):
Event: 66879.143 GC heap before
{Heap before GC invocations=99 (full 0):
 PSYoungGen      total 24064K, used 23465K [0x00000000f5900000, 0x00000000f7200000, 0x0000000100000000)
  eden space 23040K, 99% used [0x00000000f5900000,0x00000000f6f60648,0x00000000f6f80000)
  from space 1024K, 53% used [0x00000000f7100000,0x00000000f718a020,0x00000000f7200000)
  to   space 1024K, 0% used [0x00000000f7000000,0x00000000f7000000,0x00000000f7100000)
 ParOldGen       total 82432K, used 38026K [0x00000000e0c00000, 0x00000000e5c80000, 0x00000000f5900000)
  object space 82432K, 46% used [0x00000000e0c00000,0x00000000e3122958,0x00000000e5c80000)
 PSPermGen       total 30720K, used 30677K [0x00000000dba00000, 0x00000000dd800000, 0x00000000e0c00000)
  object space 30720K, 99% used [0x00000000dba00000,0x00000000dd7f5620,0x00000000dd800000)
Event: 66879.149 GC heap after
Heap after GC invocations=99 (full 0):
 PSYoungGen      total 24064K, used 732K [0x00000000f5900000, 0x00000000f7180000, 0x0000000100000000)
  eden space 23040K, 0% used [0x00000000f5900000,0x00000000f5900000,0x00000000f6f80000)
  from space 1024K, 71% used [0x00000000f7000000,0x00000000f70b7030,0x00000000f7100000)
  to   space 512K, 0% used [0x00000000f7100000,0x00000000f7100000,0x00000000f7180000)
 ParOldGen       total 82432K, used 38598K [0x00000000e0c00000, 0x00000000e5c80000, 0x00000000f5900000)
  object space 82432K, 46% used [0x00000000e0c00000,0x00000000e31b1988,0x00000000e5c80000)
 PSPermGen       total 30720K, used 30677K [0x00000000dba00000, 0x00000000dd800000, 0x00000000e0c00000)
  object space 30720K, 99% used [0x00000000dba00000,0x00000000dd7f5620,0x00000000dd800000)
}
Event: 66945.073 GC heap before
{Heap before GC invocations=100 (full 0):
 PSYoungGen      total 24064K, used 23772K [0x00000000f5900000, 0x00000000f7180000, 0x0000000100000000)
  eden space 23040K, 100% used [0x00000000f5900000,0x00000000f6f80000,0x00000000f6f80000)
  from space 1024K, 71% used [0x00000000f7000000,0x00000000f70b7030,0x00000000f7100000)
  to   space 512K, 0% used [0x00000000f7100000,0x00000000f7100000,0x00000000f7180000)
 ParOldGen       total 82432K, used 38598K [0x00000000e0c00000, 0x00000000e5c80000, 0x00000000f5900000)
  object space 82432K, 46% used [0x00000000e0c00000,0x00000000e31b1988,0x00000000e5c80000)
 PSPermGen       total 30720K, used 30683K [0x00000000dba00000, 0x00000000dd800000, 0x00000000e0c00000)
  object space 30720K, 99% used [0x00000000dba00000,0x00000000dd7f6e90,0x00000000dd800000)
Event: 66945.079 GC heap after
Heap after GC invocations=100 (full 0):
 PSYoungGen      total 23552K, used 340K [0x00000000f5900000, 0x00000000f7180000, 0x0000000100000000)
  eden space 23040K, 0% used [0x00000000f5900000,0x00000000f5900000,0x00000000f6f80000)
  from space 512K, 66% used [0x00000000f7100000,0x00000000f7155010,0x00000000f7180000)
  to   space 1024K, 0% used [0x00000000f6f80000,0x00000000f6f80000,0x00000000f7080000)
 ParOldGen       total 82432K, used 39514K [0x00000000e0c00000, 0x00000000e5c80000, 0x00000000f5900000)
  object space 82432K, 47% used [0x00000000e0c00000,0x00000000e32969d8,0x00000000e5c80000)
 PSPermGen       total 30720K, used 30683K [0x00000000dba00000, 0x00000000dd800000, 0x00000000e0c00000)
  object space 30720K, 99% used [0x00000000dba00000,0x00000000dd7f6e90,0x00000000dd800000)
}
Event: 67010.348 GC heap before
{Heap before GC invocations=101 (full 0):
 PSYoungGen      total 23552K, used 23251K [0x00000000f5900000, 0x00000000f7180000, 0x0000000100000000)
  eden space 23040K, 99% used [0x00000000f5900000,0x00000000f6f5fd50,0x00000000f6f80000)
  from space 512K, 66% used [0x00000000f7100000,0x00000000f7155010,0x00000000f7180000)
  to   space 1024K, 0% used [0x00000000f6f80000,0x00000000f6f80000,0x00000000f7080000)
 ParOldGen       total 82432K, used 39514K [0x00000000e0c00000, 0x00000000e5c80000, 0x00000000f5900000)
  object space 82432K, 47% used [0x00000000e0c00000,0x00000000e32969d8,0x00000000e5c80000)
 PSPermGen       total 30720K, used 30683K [0x00000000dba00000, 0x00000000dd800000, 0x00000000e0c00000)
  object space 30720K, 99% used [0x00000000dba00000,0x00000000dd7f6e90,0x00000000dd800000)
Event: 67010.350 GC heap after
Heap after GC invocations=101 (full 0):
 PSYoungGen      total 24064K, used 488K [0x00000000f5900000, 0x00000000f7180000, 0x0000000100000000)
  eden space 23040K, 0% used [0x00000000f5900000,0x00000000f5900000,0x00000000f6f80000)
  from space 1024K, 47% used [0x00000000f6f80000,0x00000000f6ffa020,0x00000000f7080000)
  to   space 1024K, 0% used [0x00000000f7080000,0x00000000f7080000,0x00000000f7180000)
 ParOldGen       total 82432K, used 39718K [0x00000000e0c00000, 0x00000000e5c80000, 0x00000000f5900000)
  object space 82432K, 48% used [0x00000000e0c00000,0x00000000e32c99e8,0x00000000e5c80000)
 PSPermGen       total 30720K, used 30683K [0x00000000dba00000, 0x00000000dd800000, 0x00000000e0c00000)
  object space 30720K, 99% used [0x00000000dba00000,0x00000000dd7f6e90,0x00000000dd800000)
}
Event: 67075.502 GC heap before
{Heap before GC invocations=102 (full 0):
 PSYoungGen      total 24064K, used 23391K [0x00000000f5900000, 0x00000000f7180000, 0x0000000100000000)
  eden space 23040K, 99% used [0x00000000f5900000,0x00000000f6f5dd30,0x00000000f6f80000)
  from space 1024K, 47% used [0x00000000f6f80000,0x00000000f6ffa020,0x00000000f7080000)
  to   space 1024K, 0% used [0x00000000f7080000,0x00000000f7080000,0x00000000f7180000)
 ParOldGen       total 82432K, used 39718K [0x00000000e0c00000, 0x00000000e5c80000, 0x00000000f5900000)
  object space 82432K, 48% used [0x00000000e0c00000,0x00000000e32c99e8,0x00000000e5c80000)
 PSPermGen       total 30720K, used 30683K [0x00000000dba00000, 0x00000000dd800000, 0x00000000e0c00000)
  object space 30720K, 99% used [0x00000000dba00000,0x00000000dd7f6e90,0x00000000dd800000)
Event: 67075.509 GC heap after
Heap after GC invocations=102 (full 0):
 PSYoungGen      total 24064K, used 732K [0x00000000f5900000, 0x00000000f7180000, 0x0000000100000000)
  eden space 23040K, 0% used [0x00000000f5900000,0x00000000f5900000,0x00000000f6f80000)
  from space 1024K, 71% used [0x00000000f7080000,0x00000000f7137030,0x00000000f7180000)
  to   space 1024K, 0% used [0x00000000f6f80000,0x00000000f6f80000,0x00000000f7080000)
 ParOldGen       total 82432K, used 40282K [0x00000000e0c00000, 0x00000000e5c80000, 0x00000000f5900000)
  object space 82432K, 48% used [0x00000000e0c00000,0x00000000e3356a18,0x00000000e5c80000)
 PSPermGen       total 30720K, used 30683K [0x00000000dba00000, 0x00000000dd800000, 0x00000000e0c00000)
  object space 30720K, 99% used [0x00000000dba00000,0x00000000dd7f6e90,0x00000000dd800000)
}
Event: 67141.712 GC heap before
{Heap before GC invocations=103 (full 0):
 PSYoungGen      total 24064K, used 23748K [0x00000000f5900000, 0x00000000f7180000, 0x0000000100000000)
  eden space 23040K, 99% used [0x00000000f5900000,0x00000000f6f7a320,0x00000000f6f80000)
  from space 1024K, 71% used [0x00000000f7080000,0x00000000f7137030,0x00000000f7180000)
  to   space 1024K, 0% used [0x00000000f6f80000,0x00000000f6f80000,0x00000000f7080000)
 ParOldGen       total 82432K, used 40282K [0x00000000e0c00000, 0x00000000e5c80000, 0x00000000f5900000)
  object space 82432K, 48% used [0x00000000e0c00000,0x00000000e3356a18,0x00000000e5c80000)
 PSPermGen       total 30720K, used 30684K [0x00000000dba00000, 0x00000000dd800000, 0x00000000e0c00000)
  object space 30720K, 99% used [0x00000000dba00000,0x00000000dd7f7078,0x00000000dd800000)
Event: 67141.717 GC heap after
Heap after GC invocations=103 (full 0):
 PSYoungGen      total 24064K, used 552K [0x00000000f5900000, 0x00000000f7180000, 0x0000000100000000)
  eden space 23040K, 0% used [0x00000000f5900000,0x00000000f5900000,0x00000000f6f80000)
  from space 1024K, 53% used [0x00000000f6f80000,0x00000000f700a020,0x00000000f7080000)
  to   space 1024K, 0% used [0x00000000f7080000,0x00000000f7080000,0x00000000f7180000)
 ParOldGen       total 82432K, used 40854K [0x00000000e0c00000, 0x00000000e5c80000, 0x00000000f5900000)
  object space 82432K, 49% used [0x00000000e0c00000,0x00000000e33e5a48,0x00000000e5c80000)
 PSPermGen       total 30720K, used 30684K [0x00000000dba00000, 0x00000000dd800000, 0x00000000e0c00000)
  object space 30720K, 99% used [0x00000000dba00000,0x00000000dd7f7078,0x00000000dd800000)
}

