# JRE version: Java(TM) SE Runtime Environment (7.0_60-b19) (build 1.7.0_60-b19)
# Java VM: Java HotSpot(TM) 64-Bit Server VM (24.60-b09 mixed mode linux-amd64 compressed oops)
Heap
 PSYoungGen      total 24064K, used 19082K [0x00000000f5900000, 0x00000000f7180000, 0x0000000100000000)
  eden space 23552K, 80% used [0x00000000f5900000,0x00000000f6b72840,0x00000000f7000000)
  from space 512K, 37% used [0x00000000f7080000,0x00000000f70b0000,0x00000000f7100000)
  to   space 512K, 0% used [0x00000000f7100000,0x00000000f7100000,0x00000000f7180000)
 ParOldGen       total 82432K, used 16004K [0x00000000e0c00000, 0x00000000e5c80000, 0x00000000f5900000)
  object space 82432K, 19% used [0x00000000e0c00000,0x00000000e1ba1310,0x00000000e5c80000)
 PSPermGen       total 31232K, used 30747K [0x00000000dba00000, 0x00000000dd880000, 0x00000000e0c00000)
  object space 31232K, 98% used [0x00000000dba00000,0x00000000dd806e50,0x00000000dd880000)
GC Heap History (10 events):
Event: 13988.731 GC heap before
{Heap before GC invocations=203 (full 0):
 PSYoungGen      total 24064K, used 23624K [0x00000000f5900000, 0x00000000f7180000, 0x0000000100000000)
  eden space 23552K, 99% used [0x00000000f5900000,0x00000000f6ffa138,0x00000000f7000000)
  from space 512K, 18% used [0x00000000f7100000,0x00000000f7118000,0x00000000f7180000)
  to   space 512K, 0% used [0x00000000f7080000,0x00000000f7080000,0x00000000f7100000)
 ParOldGen       total 82432K, used 15932K [0x00000000e0c00000, 0x00000000e5c80000, 0x00000000f5900000)
  object space 82432K, 19% used [0x00000000e0c00000,0x00000000e1b8f310,0x00000000e5c80000)
 PSPermGen       total 31232K, used 30747K [0x00000000dba00000, 0x00000000dd880000, 0x00000000e0c00000)
  object space 31232K, 98% used [0x00000000dba00000,0x00000000dd806e50,0x00000000dd880000)
Event: 13988.736 GC heap after
Heap after GC invocations=203 (full 0):
 PSYoungGen      total 24064K, used 160K [0x00000000f5900000, 0x00000000f7180000, 0x0000000100000000)
  eden space 23552K, 0% used [0x00000000f5900000,0x00000000f5900000,0x00000000f7000000)
  from space 512K, 31% used [0x00000000f7080000,0x00000000f70a8000,0x00000000f7100000)
  to   space 512K, 0% used [0x00000000f7100000,0x00000000f7100000,0x00000000f7180000)
 ParOldGen       total 82432K, used 15948K [0x00000000e0c00000, 0x00000000e5c80000, 0x00000000f5900000)
  object space 82432K, 19% used [0x00000000e0c00000,0x00000000e1b93310,0x00000000e5c80000)
 PSPermGen       total 31232K, used 30747K [0x00000000dba00000, 0x00000000dd880000, 0x00000000e0c00000)
  object space 31232K, 98% used [0x00000000dba00000,0x00000000dd806e50,0x00000000dd880000)
}
Event: 14056.172 GC heap before
{Heap before GC invocations=204 (full 0):
 PSYoungGen      total 24064K, used 23570K [0x00000000f5900000, 0x00000000f7180000, 0x0000000100000000)
  eden space 23552K, 99% used [0x00000000f5900000,0x00000000f6fdca58,0x00000000f7000000)
  from space 512K, 31% used [0x00000000f7080000,0x00000000f70a8000,0x00000000f7100000)
  to   space 512K, 0% used [0x00000000f7100000,0x00000000f7100000,0x00000000f7180000)
 ParOldGen       total 82432K, used 15948K [0x00000000e0c00000, 0x00000000e5c80000, 0x00000000f5900000)
  object space 82432K, 19% used [0x00000000e0c00000,0x00000000e1b93310,0x00000000e5c80000)
 PSPermGen       total 31232K, used 30747K [0x00000000dba00000, 0x00000000dd880000, 0x00000000e0c00000)
  object space 31232K, 98% used [0x00000000dba00000,0x00000000dd806e50,0x00000000dd880000)
Event: 14056.177 GC heap after
Heap after GC invocations=204 (full 0):
 PSYoungGen      total 24064K, used 96K [0x00000000f5900000, 0x00000000f7180000, 0x0000000100000000)
  eden space 23552K, 0% used [0x00000000f5900000,0x00000000f5900000,0x00000000f7000000)
  from space 512K, 18% used [0x00000000f7100000,0x00000000f7118000,0x00000000f7180000)
  to   space 512K, 0% used [0x00000000f7080000,0x00000000f7080000,0x00000000f7100000)
 ParOldGen       total 82432K, used 15964K [0x00000000e0c00000, 0x00000000e5c80000, 0x00000000f5900000)
  object space 82432K, 19% used [0x00000000e0c00000,0x00000000e1b97310,0x00000000e5c80000)
 PSPermGen       total 31232K, used 30747K [0x00000000dba00000, 0x00000000dd880000, 0x00000000e0c00000)
  object space 31232K, 98% used [0x00000000dba00000,0x00000000dd806e50,0x00000000dd880000)
}
Event: 14123.614 GC heap before
{Heap before GC invocations=205 (full 0):
 PSYoungGen      total 24064K, used 23563K [0x00000000f5900000, 0x00000000f7180000, 0x0000000100000000)
  eden space 23552K, 99% used [0x00000000f5900000,0x00000000f6feaef8,0x00000000f7000000)
  from space 512K, 18% used [0x00000000f7100000,0x00000000f7118000,0x00000000f7180000)
  to   space 512K, 0% used [0x00000000f7080000,0x00000000f7080000,0x00000000f7100000)
 ParOldGen       total 82432K, used 15964K [0x00000000e0c00000, 0x00000000e5c80000, 0x00000000f5900000)
  object space 82432K, 19% used [0x00000000e0c00000,0x00000000e1b97310,0x00000000e5c80000)
 PSPermGen       total 31232K, used 30747K [0x00000000dba00000, 0x00000000dd880000, 0x00000000e0c00000)
  object space 31232K, 98% used [0x00000000dba00000,0x00000000dd806e50,0x00000000dd880000)
Event: 14123.619 GC heap after
Heap after GC invocations=205 (full 0):
 PSYoungGen      total 24064K, used 192K [0x00000000f5900000, 0x00000000f7180000, 0x0000000100000000)
  eden space 23552K, 0% used [0x00000000f5900000,0x00000000f5900000,0x00000000f7000000)
  from space 512K, 37% used [0x00000000f7080000,0x00000000f70b0000,0x00000000f7100000)
  to   space 512K, 0% used [0x00000000f7100000,0x00000000f7100000,0x00000000f7180000)
 ParOldGen       total 82432K, used 15972K [0x00000000e0c00000, 0x00000000e5c80000, 0x00000000f5900000)
  object space 82432K, 19% used [0x00000000e0c00000,0x00000000e1b99310,0x00000000e5c80000)
 PSPermGen       total 31232K, used 30747K [0x00000000dba00000, 0x00000000dd880000, 0x00000000e0c00000)
  object space 31232K, 98% used [0x00000000dba00000,0x00000000dd806e50,0x00000000dd880000)
}
Event: 14191.047 GC heap before
{Heap before GC invocations=206 (full 0):
 PSYoungGen      total 24064K, used 23462K [0x00000000f5900000, 0x00000000f7180000, 0x0000000100000000)
  eden space 23552K, 98% used [0x00000000f5900000,0x00000000f6fb9b78,0x00000000f7000000)
  from space 512K, 37% used [0x00000000f7080000,0x00000000f70b0000,0x00000000f7100000)
  to   space 512K, 0% used [0x00000000f7100000,0x00000000f7100000,0x00000000f7180000)
 ParOldGen       total 82432K, used 15972K [0x00000000e0c00000, 0x00000000e5c80000, 0x00000000f5900000)
  object space 82432K, 19% used [0x00000000e0c00000,0x00000000e1b99310,0x00000000e5c80000)
 PSPermGen       total 31232K, used 30747K [0x00000000dba00000, 0x00000000dd880000, 0x00000000e0c00000)
  object space 31232K, 98% used [0x00000000dba00000,0x00000000dd806e50,0x00000000dd880000)
Event: 14191.052 GC heap after
Heap after GC invocations=206 (full 0):
 PSYoungGen      total 24064K, used 128K [0x00000000f5900000, 0x00000000f7180000, 0x0000000100000000)
  eden space 23552K, 0% used [0x00000000f5900000,0x00000000f5900000,0x00000000f7000000)
  from space 512K, 25% used [0x00000000f7100000,0x00000000f7120000,0x00000000f7180000)
  to   space 512K, 0% used [0x00000000f7080000,0x00000000f7080000,0x00000000f7100000)
 ParOldGen       total 82432K, used 15980K [0x00000000e0c00000, 0x00000000e5c80000, 0x00000000f5900000)
  object space 82432K, 19% used [0x00000000e0c00000,0x00000000e1b9b310,0x00000000e5c80000)
 PSPermGen       total 31232K, used 30747K [0x00000000dba00000, 0x00000000dd880000, 0x00000000e0c00000)
  object space 31232K, 98% used [0x00000000dba00000,0x00000000dd806e50,0x00000000dd880000)
}
Event: 14258.384 GC heap before
{Heap before GC invocations=207 (full 0):
 PSYoungGen      total 24064K, used 23438K [0x00000000f5900000, 0x00000000f7180000, 0x0000000100000000)
  eden space 23552K, 98% used [0x00000000f5900000,0x00000000f6fc3b88,0x00000000f7000000)
  from space 512K, 25% used [0x00000000f7100000,0x00000000f7120000,0x00000000f7180000)
  to   space 512K, 0% used [0x00000000f7080000,0x00000000f7080000,0x00000000f7100000)
 ParOldGen       total 82432K, used 15980K [0x00000000e0c00000, 0x00000000e5c80000, 0x00000000f5900000)
  object space 82432K, 19% used [0x00000000e0c00000,0x00000000e1b9b310,0x00000000e5c80000)
 PSPermGen       total 31232K, used 30747K [0x00000000dba00000, 0x00000000dd880000, 0x00000000e0c00000)
  object space 31232K, 98% used [0x00000000dba00000,0x00000000dd806e50,0x00000000dd880000)
Event: 14258.389 GC heap after
Heap after GC invocations=207 (full 0):
 PSYoungGen      total 24064K, used 192K [0x00000000f5900000, 0x00000000f7180000, 0x0000000100000000)
  eden space 23552K, 0% used [0x00000000f5900000,0x00000000f5900000,0x00000000f7000000)
  from space 512K, 37% used [0x00000000f7080000,0x00000000f70b0000,0x00000000f7100000)
  to   space 512K, 0% used [0x00000000f7100000,0x00000000f7100000,0x00000000f7180000)
 ParOldGen       total 82432K, used 16004K [0x00000000e0c00000, 0x00000000e5c80000, 0x00000000f5900000)
  object space 82432K, 19% used [0x00000000e0c00000,0x00000000e1ba1310,0x00000000e5c80000)
 PSPermGen       total 31232K, used 30747K [0x00000000dba00000, 0x00000000dd880000, 0x00000000e0c00000)
  object space 31232K, 98% used [0x00000000dba00000,0x00000000dd806e50,0x00000000dd880000)
}

