# JRE version: Java(TM) SE Runtime Environment (7.0_60-b19) (build 1.7.0_60-b19)
# Java VM: Java HotSpot(TM) 64-Bit Server VM (24.60-b09 mixed mode linux-amd64 compressed oops)
Heap
 PSYoungGen      total 36352K, used 33944K [0x00000000f5900000, 0x00000000f8180000, 0x0000000100000000)
  eden space 31232K, 92% used [0x00000000f5900000,0x00000000f752cea8,0x00000000f7780000)
  from space 5120K, 99% used [0x00000000f7c80000,0x00000000f8179518,0x00000000f8180000)
  to   space 5120K, 0% used [0x00000000f7780000,0x00000000f7780000,0x00000000f7c80000)
 ParOldGen       total 82432K, used 7942K [0x00000000e0c00000, 0x00000000e5c80000, 0x00000000f5900000)
  object space 82432K, 9% used [0x00000000e0c00000,0x00000000e13c19e0,0x00000000e5c80000)
 PSPermGen       total 30720K, used 30382K [0x00000000dba00000, 0x00000000dd800000, 0x00000000e0c00000)
  object space 30720K, 98% used [0x00000000dba00000,0x00000000dd7abb60,0x00000000dd800000)
GC Heap History (4 events):
Event: 4.172 GC heap before
{Heap before GC invocations=1 (full 0):
 PSYoungGen      total 36352K, used 31232K [0x00000000f5900000, 0x00000000f8180000, 0x0000000100000000)
  eden space 31232K, 100% used [0x00000000f5900000,0x00000000f7780000,0x00000000f7780000)
  from space 5120K, 0% used [0x00000000f7c80000,0x00000000f7c80000,0x00000000f8180000)
  to   space 5120K, 0% used [0x00000000f7780000,0x00000000f7780000,0x00000000f7c80000)
 ParOldGen       total 82432K, used 0K [0x00000000e0c00000, 0x00000000e5c80000, 0x00000000f5900000)
  object space 82432K, 0% used [0x00000000e0c00000,0x00000000e0c00000,0x00000000e5c80000)
 PSPermGen       total 25600K, used 25467K [0x00000000dba00000, 0x00000000dd300000, 0x00000000e0c00000)
  object space 25600K, 99% used [0x00000000dba00000,0x00000000dd2dec40,0x00000000dd300000)
Event: 4.194 GC heap after
Heap after GC invocations=1 (full 0):
 PSYoungGen      total 36352K, used 5093K [0x00000000f5900000, 0x00000000f8180000, 0x0000000100000000)
  eden space 31232K, 0% used [0x00000000f5900000,0x00000000f5900000,0x00000000f7780000)
  from space 5120K, 99% used [0x00000000f7780000,0x00000000f7c79538,0x00000000f7c80000)
  to   space 5120K, 0% used [0x00000000f7c80000,0x00000000f7c80000,0x00000000f8180000)
 ParOldGen       total 82432K, used 3808K [0x00000000e0c00000, 0x00000000e5c80000, 0x00000000f5900000)
  object space 82432K, 4% used [0x00000000e0c00000,0x00000000e0fb80f0,0x00000000e5c80000)
 PSPermGen       total 25600K, used 25467K [0x00000000dba00000, 0x00000000dd300000, 0x00000000e0c00000)
  object space 25600K, 99% used [0x00000000dba00000,0x00000000dd2dec40,0x00000000dd300000)
}
Event: 11317.946 GC heap before
{Heap before GC invocations=2 (full 0):
 PSYoungGen      total 36352K, used 36325K [0x00000000f5900000, 0x00000000f8180000, 0x0000000100000000)
  eden space 31232K, 100% used [0x00000000f5900000,0x00000000f7780000,0x00000000f7780000)
  from space 5120K, 99% used [0x00000000f7780000,0x00000000f7c79538,0x00000000f7c80000)
  to   space 5120K, 0% used [0x00000000f7c80000,0x00000000f7c80000,0x00000000f8180000)
 ParOldGen       total 82432K, used 3808K [0x00000000e0c00000, 0x00000000e5c80000, 0x00000000f5900000)
  object space 82432K, 4% used [0x00000000e0c00000,0x00000000e0fb80f0,0x00000000e5c80000)
 PSPermGen       total 30720K, used 30372K [0x00000000dba00000, 0x00000000dd800000, 0x00000000e0c00000)
  object space 30720K, 98% used [0x00000000dba00000,0x00000000dd7a93f0,0x00000000dd800000)
Event: 11317.972 GC heap after
Heap after GC invocations=2 (full 0):
 PSYoungGen      total 36352K, used 5093K [0x00000000f5900000, 0x00000000f8180000, 0x0000000100000000)
  eden space 31232K, 0% used [0x00000000f5900000,0x00000000f5900000,0x00000000f7780000)
  from space 5120K, 99% used [0x00000000f7c80000,0x00000000f8179518,0x00000000f8180000)
  to   space 5120K, 0% used [0x00000000f7780000,0x00000000f7780000,0x00000000f7c80000)
 ParOldGen       total 82432K, used 7942K [0x00000000e0c00000, 0x00000000e5c80000, 0x00000000f5900000)
  object space 82432K, 9% used [0x00000000e0c00000,0x00000000e13c19e0,0x00000000e5c80000)
 PSPermGen       total 30720K, used 30372K [0x00000000dba00000, 0x00000000dd800000, 0x00000000e0c00000)
  object space 30720K, 98% used [0x00000000dba00000,0x00000000dd7a93f0,0x00000000dd800000)
}

