# JRE version: Java(TM) SE Runtime Environment (7.0_60-b19) (build 1.7.0_60-b19)
# Java VM: Java HotSpot(TM) 64-Bit Server VM (24.60-b09 mixed mode linux-amd64 compressed oops)
Heap
 PSYoungGen      total 24064K, used 6575K [0x00000000f5900000, 0x00000000f7180000, 0x0000000100000000)
  eden space 23552K, 27% used [0x00000000f5900000,0x00000000f5f3bca8,0x00000000f7000000)
  from space 512K, 37% used [0x00000000f7080000,0x00000000f70b0000,0x00000000f7100000)
  to   space 512K, 0% used [0x00000000f7100000,0x00000000f7100000,0x00000000f7180000)
 ParOldGen       total 82432K, used 58583K [0x00000000e0c00000, 0x00000000e5c80000, 0x00000000f5900000)
  object space 82432K, 71% used [0x00000000e0c00000,0x00000000e4535f98,0x00000000e5c80000)
 PSPermGen       total 30720K, used 30684K [0x00000000dba00000, 0x00000000dd800000, 0x00000000e0c00000)
  object space 30720K, 99% used [0x00000000dba00000,0x00000000dd7f73c0,0x00000000dd800000)
GC Heap History (10 events):
Event: 20448.152 GC heap before
{Heap before GC invocations=151 (full 0):
 PSYoungGen      total 24064K, used 23518K [0x00000000f5900000, 0x00000000f7180000, 0x0000000100000000)
  eden space 23552K, 99% used [0x00000000f5900000,0x00000000f6fd7ad0,0x00000000f7000000)
  from space 512K, 25% used [0x00000000f7100000,0x00000000f7120000,0x00000000f7180000)
  to   space 512K, 0% used [0x00000000f7080000,0x00000000f7080000,0x00000000f7100000)
 ParOldGen       total 82432K, used 58583K [0x00000000e0c00000, 0x00000000e5c80000, 0x00000000f5900000)
  object space 82432K, 71% used [0x00000000e0c00000,0x00000000e4535f98,0x00000000e5c80000)
 PSPermGen       total 30720K, used 30684K [0x00000000dba00000, 0x00000000dd800000, 0x00000000e0c00000)
  object space 30720K, 99% used [0x00000000dba00000,0x00000000dd7f73c0,0x00000000dd800000)
Event: 20448.158 GC heap after
Heap after GC invocations=151 (full 0):
 PSYoungGen      total 24064K, used 160K [0x00000000f5900000, 0x00000000f7180000, 0x0000000100000000)
  eden space 23552K, 0% used [0x00000000f5900000,0x00000000f5900000,0x00000000f7000000)
  from space 512K, 31% used [0x00000000f7080000,0x00000000f70a8000,0x00000000f7100000)
  to   space 512K, 0% used [0x00000000f7100000,0x00000000f7100000,0x00000000f7180000)
 ParOldGen       total 82432K, used 58583K [0x00000000e0c00000, 0x00000000e5c80000, 0x00000000f5900000)
  object space 82432K, 71% used [0x00000000e0c00000,0x00000000e4535f98,0x00000000e5c80000)
 PSPermGen       total 30720K, used 30684K [0x00000000dba00000, 0x00000000dd800000, 0x00000000e0c00000)
  object space 30720K, 99% used [0x00000000dba00000,0x00000000dd7f73c0,0x00000000dd800000)
}
Event: 20581.567 GC heap before
{Heap before GC invocations=152 (full 0):
 PSYoungGen      total 24064K, used 23609K [0x00000000f5900000, 0x00000000f7180000, 0x0000000100000000)
  eden space 23552K, 99% used [0x00000000f5900000,0x00000000f6fe6708,0x00000000f7000000)
  from space 512K, 31% used [0x00000000f7080000,0x00000000f70a8000,0x00000000f7100000)
  to   space 512K, 0% used [0x00000000f7100000,0x00000000f7100000,0x00000000f7180000)
 ParOldGen       total 82432K, used 58583K [0x00000000e0c00000, 0x00000000e5c80000, 0x00000000f5900000)
  object space 82432K, 71% used [0x00000000e0c00000,0x00000000e4535f98,0x00000000e5c80000)
 PSPermGen       total 30720K, used 30684K [0x00000000dba00000, 0x00000000dd800000, 0x00000000e0c00000)
  object space 30720K, 99% used [0x00000000dba00000,0x00000000dd7f73c0,0x00000000dd800000)
Event: 20581.572 GC heap after
Heap after GC invocations=152 (full 0):
 PSYoungGen      total 24064K, used 160K [0x00000000f5900000, 0x00000000f7180000, 0x0000000100000000)
  eden space 23552K, 0% used [0x00000000f5900000,0x00000000f5900000,0x00000000f7000000)
  from space 512K, 31% used [0x00000000f7100000,0x00000000f7128000,0x00000000f7180000)
  to   space 512K, 0% used [0x00000000f7080000,0x00000000f7080000,0x00000000f7100000)
 ParOldGen       total 82432K, used 58583K [0x00000000e0c00000, 0x00000000e5c80000, 0x00000000f5900000)
  object space 82432K, 71% used [0x00000000e0c00000,0x00000000e4535f98,0x00000000e5c80000)
 PSPermGen       total 30720K, used 30684K [0x00000000dba00000, 0x00000000dd800000, 0x00000000e0c00000)
  object space 30720K, 99% used [0x00000000dba00000,0x00000000dd7f73c0,0x00000000dd800000)
}
Event: 20717.166 GC heap before
{Heap before GC invocations=153 (full 0):
 PSYoungGen      total 24064K, used 23588K [0x00000000f5900000, 0x00000000f7180000, 0x0000000100000000)
  eden space 23552K, 99% used [0x00000000f5900000,0x00000000f6fe13f0,0x00000000f7000000)
  from space 512K, 31% used [0x00000000f7100000,0x00000000f7128000,0x00000000f7180000)
  to   space 512K, 0% used [0x00000000f7080000,0x00000000f7080000,0x00000000f7100000)
 ParOldGen       total 82432K, used 58583K [0x00000000e0c00000, 0x00000000e5c80000, 0x00000000f5900000)
  object space 82432K, 71% used [0x00000000e0c00000,0x00000000e4535f98,0x00000000e5c80000)
 PSPermGen       total 30720K, used 30684K [0x00000000dba00000, 0x00000000dd800000, 0x00000000e0c00000)
  object space 30720K, 99% used [0x00000000dba00000,0x00000000dd7f73c0,0x00000000dd800000)
Event: 20717.172 GC heap after
Heap after GC invocations=153 (full 0):
 PSYoungGen      total 24064K, used 160K [0x00000000f5900000, 0x00000000f7180000, 0x0000000100000000)
  eden space 23552K, 0% used [0x00000000f5900000,0x00000000f5900000,0x00000000f7000000)
  from space 512K, 31% used [0x00000000f7080000,0x00000000f70a8000,0x00000000f7100000)
  to   space 512K, 0% used [0x00000000f7100000,0x00000000f7100000,0x00000000f7180000)
 ParOldGen       total 82432K, used 58583K [0x00000000e0c00000, 0x00000000e5c80000, 0x00000000f5900000)
  object space 82432K, 71% used [0x00000000e0c00000,0x00000000e4535f98,0x00000000e5c80000)
 PSPermGen       total 30720K, used 30684K [0x00000000dba00000, 0x00000000dd800000, 0x00000000e0c00000)
  object space 30720K, 99% used [0x00000000dba00000,0x00000000dd7f73c0,0x00000000dd800000)
}
Event: 20850.365 GC heap before
{Heap before GC invocations=154 (full 0):
 PSYoungGen      total 24064K, used 23557K [0x00000000f5900000, 0x00000000f7180000, 0x0000000100000000)
  eden space 23552K, 99% used [0x00000000f5900000,0x00000000f6fd96a0,0x00000000f7000000)
  from space 512K, 31% used [0x00000000f7080000,0x00000000f70a8000,0x00000000f7100000)
  to   space 512K, 0% used [0x00000000f7100000,0x00000000f7100000,0x00000000f7180000)
 ParOldGen       total 82432K, used 58583K [0x00000000e0c00000, 0x00000000e5c80000, 0x00000000f5900000)
  object space 82432K, 71% used [0x00000000e0c00000,0x00000000e4535f98,0x00000000e5c80000)
 PSPermGen       total 30720K, used 30684K [0x00000000dba00000, 0x00000000dd800000, 0x00000000e0c00000)
  object space 30720K, 99% used [0x00000000dba00000,0x00000000dd7f73c0,0x00000000dd800000)
Event: 20850.370 GC heap after
Heap after GC invocations=154 (full 0):
 PSYoungGen      total 24064K, used 192K [0x00000000f5900000, 0x00000000f7180000, 0x0000000100000000)
  eden space 23552K, 0% used [0x00000000f5900000,0x00000000f5900000,0x00000000f7000000)
  from space 512K, 37% used [0x00000000f7100000,0x00000000f7130000,0x00000000f7180000)
  to   space 512K, 0% used [0x00000000f7080000,0x00000000f7080000,0x00000000f7100000)
 ParOldGen       total 82432K, used 58583K [0x00000000e0c00000, 0x00000000e5c80000, 0x00000000f5900000)
  object space 82432K, 71% used [0x00000000e0c00000,0x00000000e4535f98,0x00000000e5c80000)
 PSPermGen       total 30720K, used 30684K [0x00000000dba00000, 0x00000000dd800000, 0x00000000e0c00000)
  object space 30720K, 99% used [0x00000000dba00000,0x00000000dd7f73c0,0x00000000dd800000)
}
Event: 20986.077 GC heap before
{Heap before GC invocations=155 (full 0):
 PSYoungGen      total 24064K, used 23734K [0x00000000f5900000, 0x00000000f7180000, 0x0000000100000000)
  eden space 23552K, 99% used [0x00000000f5900000,0x00000000f6ffda70,0x00000000f7000000)
  from space 512K, 37% used [0x00000000f7100000,0x00000000f7130000,0x00000000f7180000)
  to   space 512K, 0% used [0x00000000f7080000,0x00000000f7080000,0x00000000f7100000)
 ParOldGen       total 82432K, used 58583K [0x00000000e0c00000, 0x00000000e5c80000, 0x00000000f5900000)
  object space 82432K, 71% used [0x00000000e0c00000,0x00000000e4535f98,0x00000000e5c80000)
 PSPermGen       total 30720K, used 30684K [0x00000000dba00000, 0x00000000dd800000, 0x00000000e0c00000)
  object space 30720K, 99% used [0x00000000dba00000,0x00000000dd7f73c0,0x00000000dd800000)
Event: 20986.082 GC heap after
Heap after GC invocations=155 (full 0):
 PSYoungGen      total 24064K, used 192K [0x00000000f5900000, 0x00000000f7180000, 0x0000000100000000)
  eden space 23552K, 0% used [0x00000000f5900000,0x00000000f5900000,0x00000000f7000000)
  from space 512K, 37% used [0x00000000f7080000,0x00000000f70b0000,0x00000000f7100000)
  to   space 512K, 0% used [0x00000000f7100000,0x00000000f7100000,0x00000000f7180000)
 ParOldGen       total 82432K, used 58583K [0x00000000e0c00000, 0x00000000e5c80000, 0x00000000f5900000)
  object space 82432K, 71% used [0x00000000e0c00000,0x00000000e4535f98,0x00000000e5c80000)
 PSPermGen       total 30720K, used 30684K [0x00000000dba00000, 0x00000000dd800000, 0x00000000e0c00000)
  object space 30720K, 99% used [0x00000000dba00000,0x00000000dd7f73c0,0x00000000dd800000)
}

