# JRE version: Java(TM) SE Runtime Environment (7.0_60-b19) (build 1.7.0_60-b19)
# Java VM: Java HotSpot(TM) 64-Bit Server VM (24.60-b09 mixed mode linux-amd64 compressed oops)
Heap
 PSYoungGen      total 24064K, used 19431K [0x00000000f5900000, 0x00000000f7180000, 0x0000000100000000)
  eden space 23552K, 81% used [0x00000000f5900000,0x00000000f6bd9f88,0x00000000f7000000)
  from space 512K, 25% used [0x00000000f7100000,0x00000000f7120000,0x00000000f7180000)
  to   space 512K, 0% used [0x00000000f7080000,0x00000000f7080000,0x00000000f7100000)
 ParOldGen       total 82432K, used 41843K [0x00000000e0c00000, 0x00000000e5c80000, 0x00000000f5900000)
  object space 82432K, 50% used [0x00000000e0c00000,0x00000000e34dccb8,0x00000000e5c80000)
 PSPermGen       total 30720K, used 30703K [0x00000000dba00000, 0x00000000dd800000, 0x00000000e0c00000)
  object space 30720K, 99% used [0x00000000dba00000,0x00000000dd7fbc98,0x00000000dd800000)
GC Heap History (10 events):
Event: 9901.810 GC heap before
{Heap before GC invocations=144 (full 0):
 PSYoungGen      total 24064K, used 23560K [0x00000000f5900000, 0x00000000f7180000, 0x0000000100000000)
  eden space 23552K, 99% used [0x00000000f5900000,0x00000000f6fd2180,0x00000000f7000000)
  from space 512K, 37% used [0x00000000f7080000,0x00000000f70b0000,0x00000000f7100000)
  to   space 512K, 0% used [0x00000000f7100000,0x00000000f7100000,0x00000000f7180000)
 ParOldGen       total 82432K, used 41747K [0x00000000e0c00000, 0x00000000e5c80000, 0x00000000f5900000)
  object space 82432K, 50% used [0x00000000e0c00000,0x00000000e34c4cb8,0x00000000e5c80000)
 PSPermGen       total 30720K, used 30703K [0x00000000dba00000, 0x00000000dd800000, 0x00000000e0c00000)
  object space 30720K, 99% used [0x00000000dba00000,0x00000000dd7fbc98,0x00000000dd800000)
Event: 9901.814 GC heap after
Heap after GC invocations=144 (full 0):
 PSYoungGen      total 24064K, used 192K [0x00000000f5900000, 0x00000000f7180000, 0x0000000100000000)
  eden space 23552K, 0% used [0x00000000f5900000,0x00000000f5900000,0x00000000f7000000)
  from space 512K, 37% used [0x00000000f7100000,0x00000000f7130000,0x00000000f7180000)
  to   space 512K, 0% used [0x00000000f7080000,0x00000000f7080000,0x00000000f7100000)
 ParOldGen       total 82432K, used 41779K [0x00000000e0c00000, 0x00000000e5c80000, 0x00000000f5900000)
  object space 82432K, 50% used [0x00000000e0c00000,0x00000000e34cccb8,0x00000000e5c80000)
 PSPermGen       total 30720K, used 30703K [0x00000000dba00000, 0x00000000dd800000, 0x00000000e0c00000)
  object space 30720K, 99% used [0x00000000dba00000,0x00000000dd7fbc98,0x00000000dd800000)
}
Event: 9969.323 GC heap before
{Heap before GC invocations=145 (full 0):
 PSYoungGen      total 24064K, used 23529K [0x00000000f5900000, 0x00000000f7180000, 0x0000000100000000)
  eden space 23552K, 99% used [0x00000000f5900000,0x00000000f6fca498,0x00000000f7000000)
  from space 512K, 37% used [0x00000000f7100000,0x00000000f7130000,0x00000000f7180000)
  to   space 512K, 0% used [0x00000000f7080000,0x00000000f7080000,0x00000000f7100000)
 ParOldGen       total 82432K, used 41779K [0x00000000e0c00000, 0x00000000e5c80000, 0x00000000f5900000)
  object space 82432K, 50% used [0x00000000e0c00000,0x00000000e34cccb8,0x00000000e5c80000)
 PSPermGen       total 30720K, used 30703K [0x00000000dba00000, 0x00000000dd800000, 0x00000000e0c00000)
  object space 30720K, 99% used [0x00000000dba00000,0x00000000dd7fbc98,0x00000000dd800000)
Event: 9969.328 GC heap after
Heap after GC invocations=145 (full 0):
 PSYoungGen      total 24064K, used 192K [0x00000000f5900000, 0x00000000f7180000, 0x0000000100000000)
  eden space 23552K, 0% used [0x00000000f5900000,0x00000000f5900000,0x00000000f7000000)
  from space 512K, 37% used [0x00000000f7080000,0x00000000f70b0000,0x00000000f7100000)
  to   space 512K, 0% used [0x00000000f7100000,0x00000000f7100000,0x00000000f7180000)
 ParOldGen       total 82432K, used 41795K [0x00000000e0c00000, 0x00000000e5c80000, 0x00000000f5900000)
  object space 82432K, 50% used [0x00000000e0c00000,0x00000000e34d0cb8,0x00000000e5c80000)
 PSPermGen       total 30720K, used 30703K [0x00000000dba00000, 0x00000000dd800000, 0x00000000e0c00000)
  object space 30720K, 99% used [0x00000000dba00000,0x00000000dd7fbc98,0x00000000dd800000)
}
Event: 10036.868 GC heap before
{Heap before GC invocations=146 (full 0):
 PSYoungGen      total 24064K, used 23591K [0x00000000f5900000, 0x00000000f7180000, 0x0000000100000000)
  eden space 23552K, 99% used [0x00000000f5900000,0x00000000f6fd9d40,0x00000000f7000000)
  from space 512K, 37% used [0x00000000f7080000,0x00000000f70b0000,0x00000000f7100000)
  to   space 512K, 0% used [0x00000000f7100000,0x00000000f7100000,0x00000000f7180000)
 ParOldGen       total 82432K, used 41795K [0x00000000e0c00000, 0x00000000e5c80000, 0x00000000f5900000)
  object space 82432K, 50% used [0x00000000e0c00000,0x00000000e34d0cb8,0x00000000e5c80000)
 PSPermGen       total 30720K, used 30703K [0x00000000dba00000, 0x00000000dd800000, 0x00000000e0c00000)
  object space 30720K, 99% used [0x00000000dba00000,0x00000000dd7fbc98,0x00000000dd800000)
Event: 10036.873 GC heap after
Heap after GC invocations=146 (full 0):
 PSYoungGen      total 24064K, used 192K [0x00000000f5900000, 0x00000000f7180000, 0x0000000100000000)
  eden space 23552K, 0% used [0x00000000f5900000,0x00000000f5900000,0x00000000f7000000)
  from space 512K, 37% used [0x00000000f7100000,0x00000000f7130000,0x00000000f7180000)
  to   space 512K, 0% used [0x00000000f7080000,0x00000000f7080000,0x00000000f7100000)
 ParOldGen       total 82432K, used 41811K [0x00000000e0c00000, 0x00000000e5c80000, 0x00000000f5900000)
  object space 82432K, 50% used [0x00000000e0c00000,0x00000000e34d4cb8,0x00000000e5c80000)
 PSPermGen       total 30720K, used 30703K [0x00000000dba00000, 0x00000000dd800000, 0x00000000e0c00000)
  object space 30720K, 99% used [0x00000000dba00000,0x00000000dd7fbc98,0x00000000dd800000)
}
Event: 10104.412 GC heap before
{Heap before GC invocations=147 (full 0):
 PSYoungGen      total 24064K, used 23663K [0x00000000f5900000, 0x00000000f7180000, 0x0000000100000000)
  eden space 23552K, 99% used [0x00000000f5900000,0x00000000f6febc40,0x00000000f7000000)
  from space 512K, 37% used [0x00000000f7100000,0x00000000f7130000,0x00000000f7180000)
  to   space 512K, 0% used [0x00000000f7080000,0x00000000f7080000,0x00000000f7100000)
 ParOldGen       total 82432K, used 41811K [0x00000000e0c00000, 0x00000000e5c80000, 0x00000000f5900000)
  object space 82432K, 50% used [0x00000000e0c00000,0x00000000e34d4cb8,0x00000000e5c80000)
 PSPermGen       total 30720K, used 30703K [0x00000000dba00000, 0x00000000dd800000, 0x00000000e0c00000)
  object space 30720K, 99% used [0x00000000dba00000,0x00000000dd7fbc98,0x00000000dd800000)
Event: 10104.417 GC heap after
Heap after GC invocations=147 (full 0):
 PSYoungGen      total 24064K, used 128K [0x00000000f5900000, 0x00000000f7180000, 0x0000000100000000)
  eden space 23552K, 0% used [0x00000000f5900000,0x00000000f5900000,0x00000000f7000000)
  from space 512K, 25% used [0x00000000f7080000,0x00000000f70a0000,0x00000000f7100000)
  to   space 512K, 0% used [0x00000000f7100000,0x00000000f7100000,0x00000000f7180000)
 ParOldGen       total 82432K, used 41835K [0x00000000e0c00000, 0x00000000e5c80000, 0x00000000f5900000)
  object space 82432K, 50% used [0x00000000e0c00000,0x00000000e34dacb8,0x00000000e5c80000)
 PSPermGen       total 30720K, used 30703K [0x00000000dba00000, 0x00000000dd800000, 0x00000000e0c00000)
  object space 30720K, 99% used [0x00000000dba00000,0x00000000dd7fbc98,0x00000000dd800000)
}
Event: 10171.988 GC heap before
{Heap before GC invocations=148 (full 0):
 PSYoungGen      total 24064K, used 23542K [0x00000000f5900000, 0x00000000f7180000, 0x0000000100000000)
  eden space 23552K, 99% used [0x00000000f5900000,0x00000000f6fdd908,0x00000000f7000000)
  from space 512K, 25% used [0x00000000f7080000,0x00000000f70a0000,0x00000000f7100000)
  to   space 512K, 0% used [0x00000000f7100000,0x00000000f7100000,0x00000000f7180000)
 ParOldGen       total 82432K, used 41835K [0x00000000e0c00000, 0x00000000e5c80000, 0x00000000f5900000)
  object space 82432K, 50% used [0x00000000e0c00000,0x00000000e34dacb8,0x00000000e5c80000)
 PSPermGen       total 30720K, used 30703K [0x00000000dba00000, 0x00000000dd800000, 0x00000000e0c00000)
  object space 30720K, 99% used [0x00000000dba00000,0x00000000dd7fbc98,0x00000000dd800000)
Event: 10171.994 GC heap after
Heap after GC invocations=148 (full 0):
 PSYoungGen      total 24064K, used 128K [0x00000000f5900000, 0x00000000f7180000, 0x0000000100000000)
  eden space 23552K, 0% used [0x00000000f5900000,0x00000000f5900000,0x00000000f7000000)
  from space 512K, 25% used [0x00000000f7100000,0x00000000f7120000,0x00000000f7180000)
  to   space 512K, 0% used [0x00000000f7080000,0x00000000f7080000,0x00000000f7100000)
 ParOldGen       total 82432K, used 41843K [0x00000000e0c00000, 0x00000000e5c80000, 0x00000000f5900000)
  object space 82432K, 50% used [0x00000000e0c00000,0x00000000e34dccb8,0x00000000e5c80000)
 PSPermGen       total 30720K, used 30703K [0x00000000dba00000, 0x00000000dd800000, 0x00000000e0c00000)
  object space 30720K, 99% used [0x00000000dba00000,0x00000000dd7fbc98,0x00000000dd800000)
}

